Figure 1
Figure 1
Figure 1
Figure 1
spt : {10: 37.75, 20: 53.0, 30: 65.25, 40: 69.75, 50: 70.5}
st : {10: 32.5, 20: 45.0, 30: 50.0, 40: 48.25, 50: 38.25}
wspt : {10: 45.25, 20: 60.75, 30: 68.5, 40: 72.25, 50: 72.75}
Figure 2
Figure 2
Figure 2
Figure 2
spt : {10: 0.05833333333333335, 20: 0.09500000000000003, 30: 0.16749999999999998, 40: 0.2622916666666667, 50: 0.29766666666666663, 60: 0.3466666666666667, 70: 0.3792857142857143, 80: 0.4092708333333333}
st : {10: 0.04833333333333334, 20: 0.07583333333333334, 30: 0.13277777777777774, 40: 0.210625, 50: 0.25416666666666665, 60: 0.2965277777777778, 70: 0.3270238095238095, 80: 0.35791666666666666}
wspt : {10: 0.033333333333333326, 20: 0.03583333333333333, 30: 0.06916666666666668, 40: 0.12354166666666666, 50: 0.17433333333333334, 60: 0.22041666666666668, 70: 0.2571428571428571, 80: 0.2940625}
Figure 3
Figure 3
Figure 3
Figure 3
spt : {10: 11031.0, 20: 20509.25, 30: 25514.75, 40: 28881.75, 50: 32706.0, 60: 34473.75, 70: 36010.25, 80: 37821.0}
st : {10: 11223.75, 20: 21366.25, 30: 27702.5, 40: 31595.5, 50: 36437.0, 60: 39350.25, 70: 42095.75, 80: 44562.5}
wspt : {10: 11570.5, 20: 22875.75, 30: 30722.25, 40: 36641.5, 50: 41633.0, 60: 45430.5, 70: 48558.25, 80: 51503.25}
Figure 4
Figure 4
Figure 4
Figure 4
spt : {100: 10304.75, 200: 20711.75, 300: 31164.0, 400: 41159.0}
st : {100: 10332.5, 200: 20711.75, 300: 31164.0, 400: 41159.0}
wspt : {100: 10395.5, 200: 20798.0, 300: 31320.0, 400: 41159.0}
